<?xml version="1.0" encoding="UTF-8" ?>
<testsuite errors="0" failures="0" hostname="FA015333" name="uk.gov.ofwat.fountain.rest.dto.DtoTestSuite" tests="4" time="0.047" timestamp="2010-02-04T12:27:56">
  <properties>
[...]
</properties>
  <testcase classname="uk.gov.ofwat.fountain.rest.dto.IntervalDtoTest" name="testIntervalDto" time="0.016" />
  <testcase classname="uk.gov.ofwat.fountain.rest.dto.DataDtoTest" name="testDataDto_notCalculated" time="0.015" />
  <testcase classname="uk.gov.ofwat.fountain.rest.dto.DataDtoTest" name="testDataDto_calculated" time="0.0" />
  <testcase classname="uk.gov.ofwat.fountain.rest.dto.ModelDtoTest" name="testModelDto" time="0.016" />
  <system-out><![CDATA[]]></system-out>
  <system-err><![CDATA[]]></system-err>
</testsuite>
